<?xml version="1.0" encoding="UTF-8"?>
<!-- Generated by org.testng.reporters.JUnitXMLReporter -->
<testsuite hostname="G1C2ML15656" ignored="0" name="Default test" tests="6" failures="0" timestamp="21 Sep 2018 07:23:34 GMT" time="41.559" errors="0">
  <testcase name="signUpTest" time="12.108" classname="com.bookmyroom.testng.ApplicationTest"/>
  <testcase name="signUpTest" time="5.405" classname="com.bookmyroom.testng.ApplicationTest"/>
  <testcase name="signUpTest" time="4.555" classname="com.bookmyroom.testng.ApplicationTest"/>
  <testcase name="signUpTest" time="5.173" classname="com.bookmyroom.testng.ApplicationTest"/>
  <testcase name="signUpTest" time="4.623" classname="com.bookmyroom.testng.ApplicationTest"/>
  <testcase name="signUpTest" time="4.45" classname="com.bookmyroom.testng.ApplicationTest"/>
</testsuite> <!-- Default test -->
