<?xml version="1.0" encoding="UTF-8"?>
<testng-results skipped="0" failed="0" ignored="0" total="6" passed="6">
  <reporter-output>
  </reporter-output>
  <suite name="Suite" duration-ms="47483" started-at="2018-09-21T06:49:05Z" finished-at="2018-09-21T06:49:52Z">
    <groups>
      <group name="SignUp">
        <method signature="ApplicationTest.signUpTest(java.lang.String, java.lang.String, java.lang.String, java.lang.String, java.lang.String, java.lang.String, java.lang.String, java.lang.String, java.lang.String)[pri:0, instance:com.bookmyroom.testng.ApplicationTest@704d6e83]" name="signUpTest" class="com.bookmyroom.testng.ApplicationTest"/>
      </group> <!-- SignUp -->
    </groups>
    <test name="Test" duration-ms="47483" started-at="2018-09-21T06:49:05Z" finished-at="2018-09-21T06:49:52Z">
      <class name="com.bookmyroom.testng.ApplicationTest">
        <test-method status="PASS" signature="beforeTest()[pri:0, instance:com.bookmyroom.testng.ApplicationTest@704d6e83]" name="beforeTest" is-config="true" duration-ms="12" started-at="2018-09-21T06:49:09Z" finished-at="2018-09-21T06:49:09Z">
          <reporter-output>
          </reporter-output>
        </test-method> <!-- beforeTest -->
        <test-method status="PASS" signature="signUpTest(java.lang.String, java.lang.String, java.lang.String, java.lang.String, java.lang.String, java.lang.String, java.lang.String, java.lang.String, java.lang.String)[pri:0, instance:com.bookmyroom.testng.ApplicationTest@704d6e83]" name="signUpTest" duration-ms="16407" started-at="2018-09-21T06:49:10Z" data-provider="SignUpSheetData" finished-at="2018-09-21T06:49:26Z">
          <params>
            <param index="0">
              <value>
                <![CDATA[TestCase_SignUp_1]]>
              </value>
            </param>
            <param index="1">
              <value>
                <![CDATA[Nikhil Reddy]]>
              </value>
            </param>
            <param index="2">
              <value>
                <![CDATA[nikhilreddyaileni@gmail.com]]>
              </value>
            </param>
            <param index="3">
              <value>
                <![CDATA[Aa1]]>
              </value>
            </param>
            <param index="4">
              <value>
                <![CDATA[Qwerty#123]]>
              </value>
            </param>
            <param index="5">
              <value>
                <![CDATA[Male]]>
              </value>
            </param>
            <param index="6">
              <value>
                <![CDATA[22]]>
              </value>
            </param>
            <param index="7">
              <value>
                <![CDATA[9490222395]]>
              </value>
            </param>
            <param index="8">
              <value>
                <![CDATA[Oops...]]>
              </value>
            </param>
          </params>
          <reporter-output>
          </reporter-output>
        </test-method> <!-- signUpTest -->
        <test-method status="PASS" signature="signUpTest(java.lang.String, java.lang.String, java.lang.String, java.lang.String, java.lang.String, java.lang.String, java.lang.String, java.lang.String, java.lang.String)[pri:0, instance:com.bookmyroom.testng.ApplicationTest@704d6e83]" name="signUpTest" duration-ms="5479" started-at="2018-09-21T06:49:26Z" data-provider="SignUpSheetData" finished-at="2018-09-21T06:49:32Z">
          <params>
            <param index="0">
              <value>
                <![CDATA[TestCase_SignUp_2]]>
              </value>
            </param>
            <param index="1">
              <value>
                <![CDATA[Nikhil Reddy]]>
              </value>
            </param>
            <param index="2">
              <value>
                <![CDATA[nikhilreddyaileni@gmail.com]]>
              </value>
            </param>
            <param index="3">
              <value>
                <![CDATA[Aa2]]>
              </value>
            </param>
            <param index="4">
              <value>
                <![CDATA[Qwerty#123]]>
              </value>
            </param>
            <param index="5">
              <value>
                <![CDATA[Male]]>
              </value>
            </param>
            <param index="6">
              <value>
                <![CDATA[22]]>
              </value>
            </param>
            <param index="7">
              <value>
                <![CDATA[9490222395]]>
              </value>
            </param>
            <param index="8">
              <value>
                <![CDATA[Oops...]]>
              </value>
            </param>
          </params>
          <reporter-output>
          </reporter-output>
        </test-method> <!-- signUpTest -->
        <test-method status="PASS" signature="signUpTest(java.lang.String, java.lang.String, java.lang.String, java.lang.String, java.lang.String, java.lang.String, java.lang.String, java.lang.String, java.lang.String)[pri:0, instance:com.bookmyroom.testng.ApplicationTest@704d6e83]" name="signUpTest" duration-ms="4546" started-at="2018-09-21T06:49:32Z" data-provider="SignUpSheetData" finished-at="2018-09-21T06:49:36Z">
          <params>
            <param index="0">
              <value>
                <![CDATA[TestCase_SignUp_3]]>
              </value>
            </param>
            <param index="1">
              <value>
                <![CDATA[Nikhil Reddy]]>
              </value>
            </param>
            <param index="2">
              <value>
                <![CDATA[nikhilreddyaileni@gmail.com]]>
              </value>
            </param>
            <param index="3">
              <value>
                <![CDATA[Aa3]]>
              </value>
            </param>
            <param index="4">
              <value>
                <![CDATA[Qwerty#123]]>
              </value>
            </param>
            <param index="5">
              <value>
                <![CDATA[Male]]>
              </value>
            </param>
            <param index="6">
              <value>
                <![CDATA[22]]>
              </value>
            </param>
            <param index="7">
              <value>
                <![CDATA[9490222395]]>
              </value>
            </param>
            <param index="8">
              <value>
                <![CDATA[Oops...]]>
              </value>
            </param>
          </params>
          <reporter-output>
          </reporter-output>
        </test-method> <!-- signUpTest -->
        <test-method status="PASS" signature="signUpTest(java.lang.String, java.lang.String, java.lang.String, java.lang.String, java.lang.String, java.lang.String, java.lang.String, java.lang.String, java.lang.String)[pri:0, instance:com.bookmyroom.testng.ApplicationTest@704d6e83]" name="signUpTest" duration-ms="4797" started-at="2018-09-21T06:49:37Z" data-provider="SignUpSheetData" finished-at="2018-09-21T06:49:41Z">
          <params>
            <param index="0">
              <value>
                <![CDATA[TestCase_SignUp_4]]>
              </value>
            </param>
            <param index="1">
              <value>
                <![CDATA[Nikhil Reddy]]>
              </value>
            </param>
            <param index="2">
              <value>
                <![CDATA[nikhilreddyaileni@gmail.com]]>
              </value>
            </param>
            <param index="3">
              <value>
                <![CDATA[Aa4]]>
              </value>
            </param>
            <param index="4">
              <value>
                <![CDATA[Qwerty#123]]>
              </value>
            </param>
            <param index="5">
              <value>
                <![CDATA[Male]]>
              </value>
            </param>
            <param index="6">
              <value>
                <![CDATA[22]]>
              </value>
            </param>
            <param index="7">
              <value>
                <![CDATA[9490222395]]>
              </value>
            </param>
            <param index="8">
              <value>
                <![CDATA[Oops...]]>
              </value>
            </param>
          </params>
          <reporter-output>
          </reporter-output>
        </test-method> <!-- signUpTest -->
        <test-method status="PASS" signature="signUpTest(java.lang.String, java.lang.String, java.lang.String, java.lang.String, java.lang.String, java.lang.String, java.lang.String, java.lang.String, java.lang.String)[pri:0, instance:com.bookmyroom.testng.ApplicationTest@704d6e83]" name="signUpTest" duration-ms="5287" started-at="2018-09-21T06:49:41Z" data-provider="SignUpSheetData" finished-at="2018-09-21T06:49:47Z">
          <params>
            <param index="0">
              <value>
                <![CDATA[TestCase_SignUp_5]]>
              </value>
            </param>
            <param index="1">
              <value>
                <![CDATA[Nikhil Reddy]]>
              </value>
            </param>
            <param index="2">
              <value>
                <![CDATA[nikhilreddyaileni@gmail.com]]>
              </value>
            </param>
            <param index="3">
              <value>
                <![CDATA[Aa5]]>
              </value>
            </param>
            <param index="4">
              <value>
                <![CDATA[Qwerty#123]]>
              </value>
            </param>
            <param index="5">
              <value>
                <![CDATA[Male]]>
              </value>
            </param>
            <param index="6">
              <value>
                <![CDATA[22]]>
              </value>
            </param>
            <param index="7">
              <value>
                <![CDATA[9490222395]]>
              </value>
            </param>
            <param index="8">
              <value>
                <![CDATA[Oops...]]>
              </value>
            </param>
          </params>
          <reporter-output>
          </reporter-output>
        </test-method> <!-- signUpTest -->
        <test-method status="PASS" signature="signUpTest(java.lang.String, java.lang.String, java.lang.String, java.lang.String, java.lang.String, java.lang.String, java.lang.String, java.lang.String, java.lang.String)[pri:0, instance:com.bookmyroom.testng.ApplicationTest@704d6e83]" name="signUpTest" duration-ms="5599" started-at="2018-09-21T06:49:47Z" data-provider="SignUpSheetData" finished-at="2018-09-21T06:49:52Z">
          <params>
            <param index="0">
              <value>
                <![CDATA[TestCase_SignUp_6]]>
              </value>
            </param>
            <param index="1">
              <value>
                <![CDATA[Nikhil Reddy]]>
              </value>
            </param>
            <param index="2">
              <value>
                <![CDATA[nikhil24@gmail.com]]>
              </value>
            </param>
            <param index="3">
              <value>
                <![CDATA[Aa24]]>
              </value>
            </param>
            <param index="4">
              <value>
                <![CDATA[Qwerty#123]]>
              </value>
            </param>
            <param index="5">
              <value>
                <![CDATA[Male]]>
              </value>
            </param>
            <param index="6">
              <value>
                <![CDATA[22]]>
              </value>
            </param>
            <param index="7">
              <value>
                <![CDATA[9490222395]]>
              </value>
            </param>
            <param index="8">
              <value>
                <![CDATA[Oops...]]>
              </value>
            </param>
          </params>
          <reporter-output>
          </reporter-output>
        </test-method> <!-- signUpTest -->
        <test-method status="PASS" signature="afterTest()[pri:0, instance:com.bookmyroom.testng.ApplicationTest@704d6e83]" name="afterTest" is-config="true" duration-ms="230" started-at="2018-09-21T06:49:52Z" finished-at="2018-09-21T06:49:52Z">
          <reporter-output>
          </reporter-output>
        </test-method> <!-- afterTest -->
        <test-method status="PASS" signature="afterSuite()[pri:0, instance:com.bookmyroom.testng.ApplicationTest@704d6e83]" name="afterSuite" is-config="true" duration-ms="6205" started-at="2018-09-21T06:49:53Z" finished-at="2018-09-21T06:49:59Z">
          <reporter-output>
          </reporter-output>
        </test-method> <!-- afterSuite -->
      </class> <!-- com.bookmyroom.testng.ApplicationTest -->
    </test> <!-- Test -->
  </suite> <!-- Suite -->
</testng-results>
